[2019-04-06 20:03:37 -0300] [37997] [INFO] Starting gunicorn 19.7.1
[2019-04-06 20:03:37 -0300] [37997] [INFO] Listening at: http://127.0.0.1:8011 (37997)
[2019-04-06 20:03:37 -0300] [37997] [INFO] Using worker: sync
[2019-04-06 20:03:37 -0300] [38048] [INFO] Booting worker with pid: 38048
[2019-04-06 20:03:37 -0300] [38058] [INFO] Booting worker with pid: 38058
[2019-04-06 20:03:37 -0300] [38053] [INFO] Booting worker with pid: 38053
[2019-04-06 20:03:37 -0300] [38065] [INFO] Booting worker with pid: 38065
[2019-04-06 20:03:37 -0300] [38069] [INFO] Booting worker with pid: 38069
[2019-04-06 20:03:37 -0300] [38074] [INFO] Booting worker with pid: 38074
[2019-04-06 20:06:09 -0300] [38074] [INFO] Worker exiting (pid: 38074)
[2019-04-06 20:06:09 -0300] [37997] [INFO] Handling signal: term
[2019-04-06 20:06:09 -0300] [38053] [INFO] Worker exiting (pid: 38053)
[2019-04-06 20:06:09 -0300] [38069] [INFO] Worker exiting (pid: 38069)
[2019-04-06 20:06:09 -0300] [38065] [INFO] Worker exiting (pid: 38065)
[2019-04-06 20:06:09 -0300] [38058] [INFO] Worker exiting (pid: 38058)
[2019-04-06 20:06:09 -0300] [38048] [INFO] Worker exiting (pid: 38048)
[2019-04-06 20:06:12 -0300] [37997] [INFO] Shutting down: Master
[2019-04-06 20:06:15 -0300] [38241] [INFO] Starting gunicorn 19.7.1
[2019-04-06 20:06:15 -0300] [38241] [INFO] Listening at: http://127.0.0.1:8011 (38241)
[2019-04-06 20:06:15 -0300] [38241] [INFO] Using worker: sync
[2019-04-06 20:06:15 -0300] [38272] [INFO] Booting worker with pid: 38272
[2019-04-06 20:06:15 -0300] [38285] [INFO] Booting worker with pid: 38285
[2019-04-06 20:06:15 -0300] [38299] [INFO] Booting worker with pid: 38299
[2019-04-06 20:06:15 -0300] [38304] [INFO] Booting worker with pid: 38304
[2019-04-06 20:06:16 -0300] [38315] [INFO] Booting worker with pid: 38315
[2019-04-06 20:06:15 -0300] [38311] [INFO] Booting worker with pid: 38311
[2019-04-06 20:14:21 -0300] [38315] [INFO] Worker exiting (pid: 38315)
[2019-04-06 20:14:21 -0300] [38311] [INFO] Worker exiting (pid: 38311)
[2019-04-06 20:14:21 -0300] [38304] [INFO] Worker exiting (pid: 38304)
[2019-04-06 20:14:21 -0300] [38299] [INFO] Worker exiting (pid: 38299)
[2019-04-06 20:14:21 -0300] [38285] [INFO] Worker exiting (pid: 38285)
[2019-04-06 20:14:21 -0300] [38272] [INFO] Worker exiting (pid: 38272)
[2019-04-06 20:14:21 -0300] [38241] [INFO] Handling signal: term
[2019-04-06 20:14:22 -0300] [38241] [INFO] Shutting down: Master
[2019-04-06 20:14:27 -0300] [38570] [INFO] Starting gunicorn 19.7.1
[2019-04-06 20:14:27 -0300] [38570] [INFO] Listening at: http://127.0.0.1:8011 (38570)
[2019-04-06 20:14:27 -0300] [38570] [INFO] Using worker: sync
[2019-04-06 20:14:27 -0300] [38624] [INFO] Booting worker with pid: 38624
[2019-04-06 20:14:27 -0300] [38635] [INFO] Booting worker with pid: 38635
[2019-04-06 20:14:27 -0300] [38637] [INFO] Booting worker with pid: 38637
[2019-04-06 20:14:27 -0300] [38640] [INFO] Booting worker with pid: 38640
[2019-04-06 20:14:27 -0300] [38643] [INFO] Booting worker with pid: 38643
[2019-04-06 20:14:27 -0300] [38647] [INFO] Booting worker with pid: 38647
[2019-04-06 20:23:51 -0300] [38635] [INFO] Worker exiting (pid: 38635)
[2019-04-06 20:23:51 -0300] [38647] [INFO] Worker exiting (pid: 38647)
[2019-04-06 20:23:51 -0300] [38640] [INFO] Worker exiting (pid: 38640)
[2019-04-06 20:23:51 -0300] [38637] [INFO] Worker exiting (pid: 38637)
[2019-04-06 20:23:51 -0300] [38624] [INFO] Worker exiting (pid: 38624)
[2019-04-06 20:23:51 -0300] [38643] [INFO] Worker exiting (pid: 38643)
[2019-04-06 20:23:51 -0300] [38570] [INFO] Handling signal: term
[2019-04-06 20:23:51 -0300] [38570] [INFO] Shutting down: Master
[2019-04-06 20:23:56 -0300] [38871] [INFO] Starting gunicorn 19.7.1
[2019-04-06 20:23:56 -0300] [38871] [INFO] Listening at: http://127.0.0.1:8011 (38871)
[2019-04-06 20:23:56 -0300] [38871] [INFO] Using worker: sync
[2019-04-06 20:23:56 -0300] [38916] [INFO] Booting worker with pid: 38916
[2019-04-06 20:23:56 -0300] [38926] [INFO] Booting worker with pid: 38926
[2019-04-06 20:23:56 -0300] [38934] [INFO] Booting worker with pid: 38934
[2019-04-06 20:23:57 -0300] [38945] [INFO] Booting worker with pid: 38945
[2019-04-06 20:23:56 -0300] [38939] [INFO] Booting worker with pid: 38939
[2019-04-06 20:23:57 -0300] [38947] [INFO] Booting worker with pid: 38947
